# JRE version: Java(TM) SE Runtime Environment (15.0.1+9) (build 15.0.1+9-18)
# Java VM: Java HotSpot(TM) 64-Bit Server VM (15.0.1+9-18, mixed mode, sharing, tiered, compressed oops, g1 gc, windows-amd64)
GC Precious Log:
 CPUs: 4 total, 4 available
 Memory: 3970M
 Large Page Support: Disabled
 NUMA Support: Disabled
 Compressed Oops: Enabled (32-bit)
 Heap Region Size: 1M
 Heap Min Capacity: 8M
 Heap Initial Capacity: 64M
 Heap Max Capacity: 994M
 Pre-touch: Disabled
 Parallel Workers: 4
 Concurrent Workers: 1
 Concurrent Refinement Workers: 4
 Periodic GC: Disabled
Heap:
 garbage-first heap   total 70656K, used 39500K [0x00000000c1e00000, 0x0000000100000000)
  region size 1024K, 7 young (7168K), 2 survivors (2048K)
 Metaspace       used 64105K, capacity 64829K, committed 65068K, reserved 1105920K
  class space    used 8045K, capacity 8268K, committed 8320K, reserved 1048576K
GC Heap History (20 events):
Event: 14.091 GC heap before
{Heap before GC invocations=18 (full 0):
 garbage-first heap   total 58368K, used 46021K [0x00000000c1e00000, 0x0000000100000000)
  region size 1024K, 25 young (25600K), 3 survivors (3072K)
 Metaspace       used 46694K, capacity 47194K, committed 47276K, reserved 1091584K
  class space    used 5967K, capacity 6121K, committed 6144K, reserved 1048576K
}
Event: 14.098 GC heap after
{Heap after GC invocations=19 (full 0):
 garbage-first heap   total 58368K, used 23767K [0x00000000c1e00000, 0x0000000100000000)
  region size 1024K, 2 young (2048K), 2 survivors (2048K)
 Metaspace       used 46694K, capacity 47194K, committed 47276K, reserved 1091584K
  class space    used 5967K, capacity 6121K, committed 6144K, reserved 1048576K
}
Event: 16.045 GC heap before
{Heap before GC invocations=19 (full 0):
 garbage-first heap   total 58368K, used 47319K [0x00000000c1e00000, 0x0000000100000000)
  region size 1024K, 25 young (25600K), 2 survivors (2048K)
 Metaspace       used 49267K, capacity 49708K, committed 49964K, reserved 1093632K
  class space    used 6291K, capacity 6446K, committed 6528K, reserved 1048576K
}
Event: 16.052 GC heap after
{Heap after GC invocations=20 (full 0):
 garbage-first heap   total 58368K, used 24846K [0x00000000c1e00000, 0x0000000100000000)
  region size 1024K, 3 young (3072K), 3 survivors (3072K)
 Metaspace       used 49267K, capacity 49708K, committed 49964K, reserved 1093632K
  class space    used 6291K, capacity 6446K, committed 6528K, reserved 1048576K
}
Event: 16.802 GC heap before
{Heap before GC invocations=20 (full 0):
 garbage-first heap   total 58368K, used 46350K [0x00000000c1e00000, 0x0000000100000000)
  region size 1024K, 25 young (25600K), 3 survivors (3072K)
 Metaspace       used 51929K, capacity 52373K, committed 52652K, reserved 1095680K
  class space    used 6625K, capacity 6800K, committed 6912K, reserved 1048576K
}
Event: 16.811 GC heap after
{Heap after GC invocations=21 (full 0):
 garbage-first heap   total 58368K, used 26617K [0x00000000c1e00000, 0x0000000100000000)
  region size 1024K, 4 young (4096K), 4 survivors (4096K)
 Metaspace       used 51929K, capacity 52373K, committed 52652K, reserved 1095680K
  class space    used 6625K, capacity 6800K, committed 6912K, reserved 1048576K
}
Event: 17.454 GC heap before
{Heap before GC invocations=21 (full 0):
 garbage-first heap   total 58368K, used 47097K [0x00000000c1e00000, 0x0000000100000000)
  region size 1024K, 24 young (24576K), 4 survivors (4096K)
 Metaspace       used 53528K, capacity 54070K, committed 54316K, reserved 1097728K
  class space    used 6813K, capacity 7001K, committed 7040K, reserved 1048576K
}
Event: 17.464 GC heap after
{Heap after GC invocations=22 (full 0):
 garbage-first heap   total 58368K, used 28314K [0x00000000c1e00000, 0x0000000100000000)
  region size 1024K, 2 young (2048K), 2 survivors (2048K)
 Metaspace       used 53528K, capacity 54070K, committed 54316K, reserved 1097728K
  class space    used 6813K, capacity 7001K, committed 7040K, reserved 1048576K
}
Event: 17.871 GC heap before
{Heap before GC invocations=22 (full 0):
 garbage-first heap   total 58368K, used 46746K [0x00000000c1e00000, 0x0000000100000000)
  region size 1024K, 20 young (20480K), 2 survivors (2048K)
 Metaspace       used 55196K, capacity 55677K, committed 55852K, reserved 1097728K
  class space    used 6984K, capacity 7169K, committed 7296K, reserved 1048576K
}
Event: 17.877 GC heap after
{Heap after GC invocations=23 (full 0):
 garbage-first heap   total 70656K, used 29257K [0x00000000c1e00000, 0x0000000100000000)
  region size 1024K, 1 young (1024K), 1 survivors (1024K)
 Metaspace       used 55196K, capacity 55677K, committed 55852K, reserved 1097728K
  class space    used 6984K, capacity 7169K, committed 7296K, reserved 1048576K
}
Event: 18.427 GC heap before
{Heap before GC invocations=24 (full 0):
 garbage-first heap   total 70656K, used 57929K [0x00000000c1e00000, 0x0000000100000000)
  region size 1024K, 29 young (29696K), 1 survivors (1024K)
 Metaspace       used 55545K, capacity 56089K, committed 56364K, reserved 1097728K
  class space    used 7020K, capacity 7214K, committed 7296K, reserved 1048576K
}
Event: 18.431 GC heap after
{Heap after GC invocations=25 (full 0):
 garbage-first heap   total 70656K, used 30149K [0x00000000c1e00000, 0x0000000100000000)
  region size 1024K, 2 young (2048K), 2 survivors (2048K)
 Metaspace       used 55545K, capacity 56089K, committed 56364K, reserved 1097728K
  class space    used 7020K, capacity 7214K, committed 7296K, reserved 1048576K
}
Event: 18.900 GC heap before
{Heap before GC invocations=25 (full 0):
 garbage-first heap   total 70656K, used 57797K [0x00000000c1e00000, 0x0000000100000000)
  region size 1024K, 29 young (29696K), 2 survivors (2048K)
 Metaspace       used 56523K, capacity 57103K, committed 57260K, reserved 1099776K
  class space    used 7128K, capacity 7337K, committed 7424K, reserved 1048576K
}
Event: 18.906 GC heap after
{Heap after GC invocations=26 (full 0):
 garbage-first heap   total 70656K, used 31267K [0x00000000c1e00000, 0x0000000100000000)
  region size 1024K, 3 young (3072K), 3 survivors (3072K)
 Metaspace       used 56523K, capacity 57103K, committed 57260K, reserved 1099776K
  class space    used 7128K, capacity 7337K, committed 7424K, reserved 1048576K
}
Event: 19.258 GC heap before
{Heap before GC invocations=26 (full 0):
 garbage-first heap   total 70656K, used 58915K [0x00000000c1e00000, 0x0000000100000000)
  region size 1024K, 30 young (30720K), 3 survivors (3072K)
 Metaspace       used 57112K, capacity 57771K, committed 58028K, reserved 1099776K
  class space    used 7169K, capacity 7381K, committed 7424K, reserved 1048576K
}
Event: 19.265 GC heap after
{Heap after GC invocations=27 (full 0):
 garbage-first heap   total 70656K, used 32497K [0x00000000c1e00000, 0x0000000100000000)
  region size 1024K, 3 young (3072K), 3 survivors (3072K)
 Metaspace       used 57112K, capacity 57771K, committed 58028K, reserved 1099776K
  class space    used 7169K, capacity 7381K, committed 7424K, reserved 1048576K
}
Event: 20.008 GC heap before
{Heap before GC invocations=27 (full 0):
 garbage-first heap   total 70656K, used 58097K [0x00000000c1e00000, 0x0000000100000000)
  region size 1024K, 28 young (28672K), 3 survivors (3072K)
 Metaspace       used 59624K, capacity 60291K, committed 60332K, reserved 1101824K
  class space    used 7483K, capacity 7677K, committed 7680K, reserved 1048576K
}
Event: 20.017 GC heap after
{Heap after GC invocations=28 (full 0):
 garbage-first heap   total 70656K, used 34801K [0x00000000c1e00000, 0x0000000100000000)
  region size 1024K, 4 young (4096K), 4 survivors (4096K)
 Metaspace       used 59624K, capacity 60291K, committed 60332K, reserved 1101824K
  class space    used 7483K, capacity 7677K, committed 7680K, reserved 1048576K
}
Event: 45.736 GC heap before
{Heap before GC invocations=28 (full 0):
 garbage-first heap   total 70656K, used 57329K [0x00000000c1e00000, 0x0000000100000000)
  region size 1024K, 26 young (26624K), 4 survivors (4096K)
 Metaspace       used 62725K, capacity 63450K, committed 63660K, reserved 1105920K
  class space    used 7892K, capacity 8107K, committed 8192K, reserved 1048576K
}
Event: 45.753 GC heap after
{Heap after GC invocations=29 (full 0):
 garbage-first heap   total 70656K, used 36428K [0x00000000c1e00000, 0x0000000100000000)
  region size 1024K, 2 young (2048K), 2 survivors (2048K)
 Metaspace       used 62725K, capacity 63450K, committed 63660K, reserved 1105920K
  class space    used 7892K, capacity 8107K, committed 8192K, reserved 1048576K
}

